  main.cpp
C:\Users\고탱\source\repos\OpenCV\OMR_ProJect\OMR_ProJect\main.cpp(142,47): warning C4244: '+=': 'double'에서 'int'(으)로 변환하면서 데이터가 손실될 수 있습니다.
C:\Program Files (x86)\Microsoft Visual Studio\2019\Community\VC\Tools\MSVC\14.28.29333\include\utility(246,1): warning C4244: '초기화 중': '_Ty'에서 '_Ty2'(으)로 변환하면서 데이터가 손실될 수 있습니다.
          with
          [
              _Ty=double
          ]
          and
          [
              _Ty2=int
          ]
C:\Program Files (x86)\Microsoft Visual Studio\2019\Community\VC\Tools\MSVC\14.28.29333\include\xmemory(700): message : 컴파일되는 함수 템플릿 인스턴스화 'std::pair<const int,int>::pair<int,double,0>(std::pair<int,double> &&) noexcept'에 대한 참조를 확인하세요.
C:\Program Files (x86)\Microsoft Visual Studio\2019\Community\VC\Tools\MSVC\14.28.29333\include\xmemory(701): message : 컴파일되는 함수 템플릿 인스턴스화 'std::pair<const int,int>::pair<int,double,0>(std::pair<int,double> &&) noexcept'에 대한 참조를 확인하세요.
C:\Program Files (x86)\Microsoft Visual Studio\2019\Community\VC\Tools\MSVC\14.28.29333\include\xtree(805): message : 컴파일되는 함수 템플릿 인스턴스화 'void std::_Default_allocator_traits<_Alloc>::construct<_Ty,std::pair<int,double>>(_Alloc &,_Objty *const ,std::pair<int,double> &&)'에 대한 참조를 확인하세요.
          with
          [
              _Alloc=std::allocator<std::_Tree_node<std::pair<const int,int>,std::_Default_allocator_traits<std::allocator<std::pair<const int,int>>>::void_pointer>>,
              _Ty=std::pair<const int,int>,
              _Objty=std::pair<const int,int>
          ]
C:\Program Files (x86)\Microsoft Visual Studio\2019\Community\VC\Tools\MSVC\14.28.29333\include\xtree(806): message : 컴파일되는 함수 템플릿 인스턴스화 'void std::_Default_allocator_traits<_Alloc>::construct<_Ty,std::pair<int,double>>(_Alloc &,_Objty *const ,std::pair<int,double> &&)'에 대한 참조를 확인하세요.
          with
          [
              _Alloc=std::allocator<std::_Tree_node<std::pair<const int,int>,std::_Default_allocator_traits<std::allocator<std::pair<const int,int>>>::void_pointer>>,
              _Ty=std::pair<const int,int>,
              _Objty=std::pair<const int,int>
          ]
C:\Program Files (x86)\Microsoft Visual Studio\2019\Community\VC\Tools\MSVC\14.28.29333\include\xtree(1002): message : 컴파일되는 함수 템플릿 인스턴스화 'std::_Tree_temp_node<std::allocator<std::_Tree_node<std::pair<const int,int>,std::_Default_allocator_traits<_Alloc>::void_pointer>>>::_Tree_temp_node<_Ty>(_Alnode &,std::_Tree_node<std::pair<const int,int>,std::_Default_allocator_traits<_Alloc>::void_pointer> *,_Ty &&)'에 대한 참조를 확인하세요.
          with
          [
              _Alloc=std::allocator<std::pair<const int,int>>,
              _Ty=std::pair<int,double>,
              _Alnode=std::allocator<std::_Tree_node<std::pair<const int,int>,std::_Default_allocator_traits<std::allocator<std::pair<const int,int>>>::void_pointer>>
          ]
C:\Program Files (x86)\Microsoft Visual Studio\2019\Community\VC\Tools\MSVC\14.28.29333\include\xtree(1015): message : 컴파일되는 함수 템플릿 인스턴스화 'std::_Tree_temp_node<std::allocator<std::_Tree_node<std::pair<const int,int>,std::_Default_allocator_traits<_Alloc>::void_pointer>>>::_Tree_temp_node<_Ty>(_Alnode &,std::_Tree_node<std::pair<const int,int>,std::_Default_allocator_traits<_Alloc>::void_pointer> *,_Ty &&)'에 대한 참조를 확인하세요.
          with
          [
              _Alloc=std::allocator<std::pair<const int,int>>,
              _Ty=std::pair<int,double>,
              _Alnode=std::allocator<std::_Tree_node<std::pair<const int,int>,std::_Default_allocator_traits<std::allocator<std::pair<const int,int>>>::void_pointer>>
          ]
C:\Program Files (x86)\Microsoft Visual Studio\2019\Community\VC\Tools\MSVC\14.28.29333\include\xtree(1094): message : 컴파일되는 함수 템플릿 인스턴스화 'std::pair<std::_Tree_node<std::pair<const int,int>,std::_Default_allocator_traits<_Alloc>::void_pointer> *,bool> std::_Tree<std::_Tmap_traits<_Kty,_Ty,_Pr,_Alloc,false>>::_Emplace<std::pair<int,double>>(std::pair<int,double> &&)'에 대한 참조를 확인하세요.
          with
          [
              _Alloc=std::allocator<std::pair<const int,int>>,
              _Kty=int,
              _Ty=int,
              _Pr=std::less<int>
          ]
C:\Program Files (x86)\Microsoft Visual Studio\2019\Community\VC\Tools\MSVC\14.28.29333\include\xtree(1095): message : 컴파일되는 함수 템플릿 인스턴스화 'std::pair<std::_Tree_node<std::pair<const int,int>,std::_Default_allocator_traits<_Alloc>::void_pointer> *,bool> std::_Tree<std::_Tmap_traits<_Kty,_Ty,_Pr,_Alloc,false>>::_Emplace<std::pair<int,double>>(std::pair<int,double> &&)'에 대한 참조를 확인하세요.
          with
          [
              _Alloc=std::allocator<std::pair<const int,int>>,
              _Kty=int,
              _Ty=int,
              _Pr=std::less<int>
          ]
C:\Program Files (x86)\Microsoft Visual Studio\2019\Community\VC\Tools\MSVC\14.28.29333\include\map(165): message : 컴파일되는 함수 템플릿 인스턴스화 'std::pair<std::_Tree_iterator<std::_Tree_val<std::_Tree_simple_types<std::pair<const int,int>>>>,bool> std::_Tree<std::_Tmap_traits<_Kty,_Ty,_Pr,_Alloc,false>>::emplace<std::pair<int,double>>(std::pair<int,double> &&)'에 대한 참조를 확인하세요.
          with
          [
              _Kty=int,
              _Ty=int,
              _Pr=std::less<int>,
              _Alloc=std::allocator<std::pair<const int,int>>
          ]
C:\Program Files (x86)\Microsoft Visual Studio\2019\Community\VC\Tools\MSVC\14.28.29333\include\map(165): message : 컴파일되는 함수 템플릿 인스턴스화 'std::pair<std::_Tree_iterator<std::_Tree_val<std::_Tree_simple_types<std::pair<const int,int>>>>,bool> std::_Tree<std::_Tmap_traits<_Kty,_Ty,_Pr,_Alloc,false>>::emplace<std::pair<int,double>>(std::pair<int,double> &&)'에 대한 참조를 확인하세요.
          with
          [
              _Kty=int,
              _Ty=int,
              _Pr=std::less<int>,
              _Alloc=std::allocator<std::pair<const int,int>>
          ]
C:\Users\고탱\source\repos\OpenCV\OMR_ProJect\OMR_ProJect\main.cpp(233): message : 컴파일되는 함수 템플릿 인스턴스화 'std::pair<std::_Tree_iterator<std::_Tree_val<std::_Tree_simple_types<std::pair<const int,int>>>>,bool> std::map<int,int,std::less<int>,std::allocator<std::pair<const int,int>>>::insert<std::pair<int,double>,0>(_Valty &&)'에 대한 참조를 확인하세요.
          with
          [
              _Valty=std::pair<int,double>
          ]
C:\Users\고탱\source\repos\OpenCV\OMR_ProJect\OMR_ProJect\main.cpp(233): message : 컴파일되는 함수 템플릿 인스턴스화 'std::pair<std::_Tree_iterator<std::_Tree_val<std::_Tree_simple_types<std::pair<const int,int>>>>,bool> std::map<int,int,std::less<int>,std::allocator<std::pair<const int,int>>>::insert<std::pair<int,double>,0>(_Valty &&)'에 대한 참조를 확인하세요.
          with
          [
              _Valty=std::pair<int,double>
          ]
  OMR_ProJect.vcxproj -> C:\Users\고탱\source\repos\OpenCV\OMR_ProJect\x64\Debug\OMR_ProJect.exe
